<?xml version="1.0" encoding="UTF-8"?>
<robot generator="Robot 7.0.1 (Python 3.12.3 on win32)" generated="2024-06-26T10:39:09.724278" rpa="false" schemaversion="5">
<suite id="s1" name="Testes" source="C:\Automation\Projeto_ChatGuru\Autom_RobotFramework\testes.robot">
<test id="s1-t1" name="Pre-condicoes: Estar logado na plataforma chatguru" line="10">
<kw name="Abrir o navegador" owner="resources" type="SETUP">
<kw name="Open Browser" owner="SeleniumLibrary">
<msg time="2024-06-26T10:39:09.916172" level="INFO">Opening browser 'chrome' to base url 'https://s6.chatguru.app/chats#667af0fb85b7db9f7f865f7f'.</msg>
<arg>${URL}</arg>
<arg>chrome</arg>
<doc>Opens a new browser instance to the optional ``url``.</doc>
<status status="PASS" start="2024-06-26T10:39:09.915071" elapsed="10.616786"/>
</kw>
<kw name="Close Browser" owner="SeleniumLibrary" type="TEARDOWN">
<doc>Closes the current browser.</doc>
<status status="PASS" start="2024-06-26T10:39:20.531857" elapsed="2.146775"/>
</kw>
<status status="PASS" start="2024-06-26T10:39:09.915071" elapsed="12.763561"/>
</kw>
<kw name="Given estou na URL da plataforma ChatGuru" owner="resources">
<kw name="Abrir o navegador" owner="resources">
<kw name="Open Browser" owner="SeleniumLibrary">
<msg time="2024-06-26T10:39:22.681824" level="INFO">Opening browser 'chrome' to base url 'https://s6.chatguru.app/chats#667af0fb85b7db9f7f865f7f'.</msg>
<arg>${URL}</arg>
<arg>chrome</arg>
<doc>Opens a new browser instance to the optional ``url``.</doc>
<status status="PASS" start="2024-06-26T10:39:22.680844" elapsed="10.082927"/>
</kw>
<kw name="Close Browser" owner="SeleniumLibrary" type="TEARDOWN">
<doc>Closes the current browser.</doc>
<status status="PASS" start="2024-06-26T10:39:32.763771" elapsed="2.144973"/>
</kw>
<status status="PASS" start="2024-06-26T10:39:22.680844" elapsed="12.228790"/>
</kw>
<status status="PASS" start="2024-06-26T10:39:22.679825" elapsed="12.229809"/>
</kw>
<kw name="Then visualizo tela de login" owner="resources">
<msg time="2024-06-26T10:39:34.911661" level="FAIL">User keyword cannot be empty.</msg>
<status status="FAIL" start="2024-06-26T10:39:34.910541" elapsed="0.001120">User keyword cannot be empty.</status>
</kw>
<kw name="Fechar o navegador" type="TEARDOWN">
<msg time="2024-06-26T10:39:34.915554" level="FAIL">No keyword with name 'Fechar o navegador' found.</msg>
<status status="FAIL" start="2024-06-26T10:39:34.915554" elapsed="0.000000">No keyword with name 'Fechar o navegador' found.</status>
</kw>
<status status="FAIL" start="2024-06-26T10:39:09.914176" elapsed="25.002285">User keyword cannot be empty.

Also teardown failed:
No keyword with name 'Fechar o navegador' found.</status>
</test>
<doc>Essa suíte testa https://s6.chatguru.app/chats#667af0fb85b7db9f7f865f7f</doc>
<status status="FAIL" start="2024-06-26T10:39:09.725279" elapsed="25.193818"/>
</suite>
<statistics>
<total>
<stat pass="0" fail="1" skip="0">All Tests</stat>
</total>
<tag>
</tag>
<suite>
<stat pass="0" fail="1" skip="0" id="s1" name="Testes">Testes</stat>
</suite>
</statistics>
<errors>
</errors>
</robot>
